<?xml version="1.0" encoding="UTF-8"?>
<!-- Generated by org.testng.reporters.JUnitReportReporter -->
<testsuite hostname="SAGAR-PC" name="UnitTest.TestConfigFile" tests="2" failures="0" timestamp="15 Feb 2018 09:46:33 GMT" time="0.043" errors="0">
  <testcase name="testconfig1" time="0.008" classname="UnitTest.TestConfigFile"/>
  <testcase name="testconfig" time="0.035" classname="UnitTest.TestConfigFile"/>
</testsuite> <!-- UnitTest.TestConfigFile -->
