<?xml version="1.0" encoding="UTF-8"?>
<!-- Generated by org.testng.reporters.JUnitReportReporter -->
<testsuite hostname="SAGAR-PC" name="UnitTest.TestExcelfile" tests="2" failures="0" timestamp="15 Feb 2018 09:46:33 GMT" time="1.960" errors="0">
  <testcase name="testexcel" time="1.896" classname="UnitTest.TestExcelfile"/>
  <testcase name="testexcel1" time="0.064" classname="UnitTest.TestExcelfile"/>
</testsuite> <!-- UnitTest.TestExcelfile -->
