<?xml version="1.0" encoding="UTF-8"?>
<!-- Generated by org.testng.reporters.JUnitReportReporter -->
<testsuite hostname="SAGAR-PC" name="UnitTest.DataProviderFactoryTest" tests="2" failures="0" timestamp="14 Feb 2018 10:01:57 GMT" time="0.054" errors="0">
  <testcase name="testconfig" time="0.006" classname="UnitTest.DataProviderFactoryTest"/>
  <testcase name="testexcel" time="0.048" classname="UnitTest.DataProviderFactoryTest"/>
</testsuite> <!-- UnitTest.DataProviderFactoryTest -->
