<?xml version="1.0" encoding="UTF-8"?>
<!-- Generated by org.testng.reporters.JUnitReportReporter -->
<testsuite hostname="SAGAR-PC" name="UnitTest.BrowserFactorytest" tests="2" failures="0" timestamp="14 Feb 2018 10:01:57 GMT" time="30.009" errors="0">
  <testcase name="testbrowser" time="30.003" classname="UnitTest.BrowserFactorytest"/>
  <testcase name="testbrowser1" time="0.006" classname="UnitTest.BrowserFactorytest"/>
</testsuite> <!-- UnitTest.BrowserFactorytest -->
