<?xml version="1.0" encoding="UTF-8"?>
<!-- Generated by org.testng.reporters.JUnitReportReporter -->
<testsuite hostname="SAGAR-PC" name="dataDriven.loginMultiuserwithExcel" tests="3" failures="0" timestamp="30 Mar 2018 10:01:21 GMT" time="99.117" errors="0">
  <testcase name="multiuser" time="0.750" classname="dataDriven.loginMultiuserwithExcel"/>
  <testcase name="multiuser" time="97.623" classname="dataDriven.loginMultiuserwithExcel"/>
  <testcase name="multiuser" time="0.744" classname="dataDriven.loginMultiuserwithExcel"/>
</testsuite> <!-- dataDriven.loginMultiuserwithExcel -->
