<?xml version="1.0" encoding="UTF-8"?>
<!-- Generated by org.testng.reporters.JUnitReportReporter -->
<testsuite hostname="SAGAR-PC" name="dataDriven.loginMultiuser" tests="2" failures="0" timestamp="30 Mar 2018 08:53:14 GMT" time="6.899" errors="0">
  <testcase name="multiuser" time="5.899" classname="dataDriven.loginMultiuser"/>
  <testcase name="multiuser" time="1.000" classname="dataDriven.loginMultiuser"/>
</testsuite> <!-- dataDriven.loginMultiuser -->
